<?xml version="1.0" encoding="UTF-8"?>
<testsuite name="org.example.ExprParserTest" tests="1" skipped="0" failures="0" errors="0" timestamp="2023-02-22T06:02:43" hostname="NANASHI" time="0.014">
  <properties/>
  <testcase name="test()" classname="org.example.ExprParserTest" time="0.014"/>
  <system-out><![CDATA[plan
state
in state
before command
in cm
in assign
in check =
=
exp
in term
in fac
in power
t
exp
in term
in fac
in power
1
now in digit
]]></system-out>
  <system-err><![CDATA[]]></system-err>
</testsuite>
